<?xml version="1.0" encoding="UTF-8"?>
<coverage generated="1786433990460" clover="3.2.0">
  <project timestamp="1786433990460" name="All files">
    <metrics statements="114" coveredstatements="110" conditionals="76" coveredconditionals="67" methods="32" coveredmethods="28" elements="222" coveredelements="205" complexity="0" loc="114" ncloc="114" packages="2" files="10" classes="10"/>
    <package name="api">
      <metrics statements="76" coveredstatements="72" conditionals="70" coveredconditionals="62" methods="21" coveredmethods="19"/>
      <file name="auth.ts" path="/workspaces/project-atlas/apps/web/src/api/auth.ts">
        <metrics statements="4" coveredstatements="4" conditionals="0" coveredconditionals="0" methods="4" coveredmethods="4"/>
        <line num="17" count="2" type="stmt"/>
        <line num="21" count="1" type="stmt"/>
        <line num="25" count="1" type="stmt"/>
        <line num="33" count="1" type="stmt"/>
      </file>
      <file name="client.ts" path="/workspaces/project-atlas/apps/web/src/api/client.ts">
        <metrics statements="48" coveredstatements="44" conditionals="53" coveredconditionals="46" methods="10" coveredmethods="8"/>
        <line num="10" count="7" type="stmt"/>
        <line num="12" count="7" type="stmt"/>
        <line num="13" count="7" type="cond" truecount="2" falsecount="0"/>
        <line num="15" count="0" type="stmt"/>
        <line num="19" count="7" type="stmt"/>
        <line num="23" count="31" type="stmt"/>
        <line num="28" count="1" type="stmt"/>
        <line num="36" count="7" type="stmt"/>
        <line num="40" count="62" type="stmt"/>
        <line num="48" count="7" type="stmt"/>
        <line num="56" count="30" type="stmt"/>
        <line num="63" count="7" type="stmt"/>
        <line num="95" count="29" type="stmt"/>
        <line num="97" count="29" type="stmt"/>
        <line num="100" count="29" type="cond" truecount="2" falsecount="0"/>
        <line num="101" count="23" type="stmt"/>
        <line num="102" count="23" type="cond" truecount="2" falsecount="0"/>
        <line num="103" count="10" type="stmt"/>
        <line num="108" count="29" type="cond" truecount="4" falsecount="0"/>
        <line num="109" count="8" type="stmt"/>
        <line num="115" count="29" type="cond" truecount="2" falsecount="0"/>
        <line num="117" count="29" type="cond" truecount="4" falsecount="0"/>
        <line num="118" count="27" type="stmt"/>
        <line num="119" count="27" type="stmt"/>
        <line num="122" count="29" type="cond" truecount="2" falsecount="0"/>
        <line num="125" count="29" type="stmt"/>
        <line num="126" count="29" type="stmt"/>
        <line num="137" count="3" type="cond" truecount="2" falsecount="0"/>
        <line num="140" count="3" type="cond" truecount="4" falsecount="0"/>
        <line num="141" count="2" type="stmt"/>
        <line num="148" count="1" type="stmt"/>
        <line num="155" count="29" type="cond" truecount="2" falsecount="0"/>
        <line num="159" count="26" type="cond" truecount="2" falsecount="0"/>
        <line num="160" count="2" type="stmt"/>
        <line num="164" count="24" type="cond" truecount="2" falsecount="0"/>
        <line num="166" count="4" type="cond" truecount="1" falsecount="1"/>
        <line num="172" count="0" type="stmt"/>
        <line num="173" count="0" type="cond" truecount="0" falsecount="2"/>
        <line num="174" count="0" type="stmt"/>
        <line num="178" count="4" type="cond" truecount="1" falsecount="1"/>
        <line num="180" count="4" type="cond" truecount="2" falsecount="0"/>
        <line num="181" count="3" type="stmt"/>
        <line num="182" count="3" type="stmt"/>
        <line num="186" count="1" type="stmt"/>
        <line num="187" count="1" type="stmt"/>
        <line num="196" count="20" type="stmt"/>
        <line num="204" count="17" type="stmt"/>
        <line num="208" count="11" type="stmt"/>
      </file>
      <file name="dashboard.ts" path="/workspaces/project-atlas/apps/web/src/api/dashboard.ts">
        <metrics statements="1" coveredstatements="1" conditionals="0" coveredconditionals="0" methods="1" coveredmethods="1"/>
        <line num="5" count="1" type="stmt"/>
      </file>
      <file name="errors.ts" path="/workspaces/project-atlas/apps/web/src/api/errors.ts">
        <metrics statements="8" coveredstatements="8" conditionals="2" coveredconditionals="2" methods="2" coveredmethods="2"/>
        <line num="22" count="9" type="stmt"/>
        <line num="23" count="9" type="stmt"/>
        <line num="24" count="9" type="stmt"/>
        <line num="25" count="9" type="stmt"/>
        <line num="26" count="9" type="stmt"/>
        <line num="27" count="9" type="stmt"/>
        <line num="28" count="9" type="stmt"/>
        <line num="33" count="1" type="cond" truecount="2" falsecount="0"/>
      </file>
      <file name="index.ts" path="/workspaces/project-atlas/apps/web/src/api/index.ts">
        <metrics statements="0" coveredstatements="0" conditionals="0" coveredconditionals="0" methods="0" coveredmethods="0"/>
      </file>
      <file name="reports.ts" path="/workspaces/project-atlas/apps/web/src/api/reports.ts">
        <metrics statements="1" coveredstatements="1" conditionals="0" coveredconditionals="0" methods="1" coveredmethods="1"/>
        <line num="5" count="1" type="stmt"/>
      </file>
      <file name="tickets.ts" path="/workspaces/project-atlas/apps/web/src/api/tickets.ts">
        <metrics statements="11" coveredstatements="11" conditionals="15" coveredconditionals="14" methods="2" coveredmethods="2"/>
        <line num="11" count="3" type="stmt"/>
        <line num="13" count="3" type="cond" truecount="2" falsecount="0"/>
        <line num="14" count="3" type="cond" truecount="1" falsecount="1"/>
        <line num="15" count="3" type="cond" truecount="2" falsecount="0"/>
        <line num="16" count="3" type="cond" truecount="2" falsecount="0"/>
        <line num="17" count="3" type="cond" truecount="2" falsecount="0"/>
        <line num="18" count="3" type="cond" truecount="2" falsecount="0"/>
        <line num="20" count="3" type="stmt"/>
        <line num="21" count="3" type="cond" truecount="2" falsecount="0"/>
        <line num="23" count="3" type="stmt"/>
        <line num="27" count="2" type="stmt"/>
      </file>
      <file name="types.ts" path="/workspaces/project-atlas/apps/web/src/api/types.ts">
        <metrics statements="0" coveredstatements="0" conditionals="0" coveredconditionals="0" methods="0" coveredmethods="0"/>
      </file>
      <file name="uploads.ts" path="/workspaces/project-atlas/apps/web/src/api/uploads.ts">
        <metrics statements="3" coveredstatements="3" conditionals="0" coveredconditionals="0" methods="1" coveredmethods="1"/>
        <line num="5" count="2" type="stmt"/>
        <line num="6" count="2" type="stmt"/>
        <line num="7" count="2" type="stmt"/>
      </file>
    </package>
    <package name="stores">
      <metrics statements="38" coveredstatements="38" conditionals="6" coveredconditionals="5" methods="11" coveredmethods="9"/>
      <file name="auth.ts" path="/workspaces/project-atlas/apps/web/src/stores/auth.ts">
        <metrics statements="38" coveredstatements="38" conditionals="6" coveredconditionals="5" methods="11" coveredmethods="9"/>
        <line num="7" count="5" type="stmt"/>
        <line num="8" count="30" type="stmt"/>
        <line num="9" count="30" type="stmt"/>
        <line num="10" count="30" type="stmt"/>
        <line num="12" count="30" type="stmt"/>
        <line num="15" count="12" type="stmt"/>
        <line num="16" count="12" type="stmt"/>
        <line num="20" count="6" type="stmt"/>
        <line num="21" count="6" type="stmt"/>
        <line num="25" count="4" type="stmt"/>
        <line num="26" count="2" type="stmt"/>
        <line num="30" count="3" type="stmt"/>
        <line num="35" count="3" type="stmt"/>
        <line num="36" count="3" type="stmt"/>
        <line num="37" count="3" type="cond" truecount="2" falsecount="0"/>
        <line num="38" count="2" type="stmt"/>
        <line num="39" count="2" type="stmt"/>
        <line num="51" count="3" type="stmt"/>
        <line num="52" count="3" type="cond" truecount="2" falsecount="0"/>
        <line num="54" count="2" type="stmt"/>
        <line num="55" count="2" type="stmt"/>
        <line num="56" count="2" type="stmt"/>
        <line num="57" count="1" type="stmt"/>
        <line num="58" count="1" type="stmt"/>
        <line num="60" count="1" type="stmt"/>
        <line num="61" count="1" type="stmt"/>
        <line num="63" count="2" type="stmt"/>
        <line num="72" count="2" type="stmt"/>
        <line num="73" count="2" type="cond" truecount="1" falsecount="1"/>
        <line num="75" count="2" type="stmt"/>
        <line num="76" count="2" type="stmt"/>
        <line num="77" count="1" type="stmt"/>
        <line num="78" count="1" type="stmt"/>
        <line num="80" count="1" type="stmt"/>
        <line num="81" count="1" type="stmt"/>
        <line num="86" count="30" type="stmt"/>
        <line num="87" count="30" type="stmt"/>
        <line num="89" count="30" type="stmt"/>
      </file>
    </package>
  </project>
</coverage>
