<?xml version="1.0" encoding="UTF-8"?>
<coverage generated="1786431211178" clover="3.2.0">
  <project timestamp="1786431211178" name="All files">
    <metrics statements="80" coveredstatements="79" conditionals="62" coveredconditionals="57" methods="25" coveredmethods="22" elements="167" coveredelements="158" complexity="0" loc="80" ncloc="80" packages="2" files="10" classes="10"/>
    <package name="api">
      <metrics statements="70" coveredstatements="69" conditionals="62" coveredconditionals="57" methods="20" coveredmethods="18"/>
      <file name="auth.ts" path="/workspaces/project-atlas/apps/web/src/api/auth.ts">
        <metrics statements="4" coveredstatements="4" conditionals="0" coveredconditionals="0" methods="4" coveredmethods="4"/>
        <line num="17" count="2" type="stmt"/>
        <line num="21" count="1" type="stmt"/>
        <line num="25" count="1" type="stmt"/>
        <line num="33" count="1" type="stmt"/>
      </file>
      <file name="client.ts" path="/workspaces/project-atlas/apps/web/src/api/client.ts">
        <metrics statements="42" coveredstatements="41" conditionals="45" coveredconditionals="41" methods="9" coveredmethods="7"/>
        <line num="10" count="3" type="stmt"/>
        <line num="12" count="3" type="stmt"/>
        <line num="13" count="3" type="cond" truecount="2" falsecount="0"/>
        <line num="15" count="0" type="stmt"/>
        <line num="19" count="3" type="stmt"/>
        <line num="23" count="31" type="stmt"/>
        <line num="28" count="2" type="stmt"/>
        <line num="36" count="3" type="stmt"/>
        <line num="40" count="36" type="stmt"/>
        <line num="47" count="3" type="stmt"/>
        <line num="77" count="29" type="stmt"/>
        <line num="79" count="29" type="stmt"/>
        <line num="82" count="29" type="cond" truecount="2" falsecount="0"/>
        <line num="83" count="23" type="stmt"/>
        <line num="84" count="23" type="cond" truecount="2" falsecount="0"/>
        <line num="85" count="10" type="stmt"/>
        <line num="90" count="29" type="cond" truecount="4" falsecount="0"/>
        <line num="91" count="8" type="stmt"/>
        <line num="97" count="29" type="cond" truecount="2" falsecount="0"/>
        <line num="99" count="29" type="cond" truecount="4" falsecount="0"/>
        <line num="100" count="27" type="stmt"/>
        <line num="101" count="27" type="stmt"/>
        <line num="104" count="29" type="cond" truecount="2" falsecount="0"/>
        <line num="107" count="29" type="stmt"/>
        <line num="108" count="29" type="stmt"/>
        <line num="119" count="3" type="cond" truecount="2" falsecount="0"/>
        <line num="122" count="3" type="cond" truecount="4" falsecount="0"/>
        <line num="123" count="2" type="stmt"/>
        <line num="130" count="1" type="stmt"/>
        <line num="137" count="29" type="cond" truecount="2" falsecount="0"/>
        <line num="141" count="26" type="cond" truecount="2" falsecount="0"/>
        <line num="142" count="2" type="stmt"/>
        <line num="146" count="24" type="cond" truecount="2" falsecount="0"/>
        <line num="147" count="4" type="cond" truecount="1" falsecount="1"/>
        <line num="149" count="4" type="cond" truecount="2" falsecount="0"/>
        <line num="150" count="3" type="stmt"/>
        <line num="151" count="3" type="stmt"/>
        <line num="155" count="1" type="stmt"/>
        <line num="156" count="1" type="stmt"/>
        <line num="165" count="20" type="stmt"/>
        <line num="173" count="17" type="stmt"/>
        <line num="177" count="11" type="stmt"/>
      </file>
      <file name="dashboard.ts" path="/workspaces/project-atlas/apps/web/src/api/dashboard.ts">
        <metrics statements="1" coveredstatements="1" conditionals="0" coveredconditionals="0" methods="1" coveredmethods="1"/>
        <line num="5" count="1" type="stmt"/>
      </file>
      <file name="errors.ts" path="/workspaces/project-atlas/apps/web/src/api/errors.ts">
        <metrics statements="8" coveredstatements="8" conditionals="2" coveredconditionals="2" methods="2" coveredmethods="2"/>
        <line num="22" count="7" type="stmt"/>
        <line num="23" count="7" type="stmt"/>
        <line num="24" count="7" type="stmt"/>
        <line num="25" count="7" type="stmt"/>
        <line num="26" count="7" type="stmt"/>
        <line num="27" count="7" type="stmt"/>
        <line num="28" count="7" type="stmt"/>
        <line num="33" count="1" type="cond" truecount="2" falsecount="0"/>
      </file>
      <file name="index.ts" path="/workspaces/project-atlas/apps/web/src/api/index.ts">
        <metrics statements="0" coveredstatements="0" conditionals="0" coveredconditionals="0" methods="0" coveredmethods="0"/>
      </file>
      <file name="reports.ts" path="/workspaces/project-atlas/apps/web/src/api/reports.ts">
        <metrics statements="1" coveredstatements="1" conditionals="0" coveredconditionals="0" methods="1" coveredmethods="1"/>
        <line num="5" count="1" type="stmt"/>
      </file>
      <file name="tickets.ts" path="/workspaces/project-atlas/apps/web/src/api/tickets.ts">
        <metrics statements="11" coveredstatements="11" conditionals="15" coveredconditionals="14" methods="2" coveredmethods="2"/>
        <line num="11" count="3" type="stmt"/>
        <line num="13" count="3" type="cond" truecount="2" falsecount="0"/>
        <line num="14" count="3" type="cond" truecount="1" falsecount="1"/>
        <line num="15" count="3" type="cond" truecount="2" falsecount="0"/>
        <line num="16" count="3" type="cond" truecount="2" falsecount="0"/>
        <line num="17" count="3" type="cond" truecount="2" falsecount="0"/>
        <line num="18" count="3" type="cond" truecount="2" falsecount="0"/>
        <line num="20" count="3" type="stmt"/>
        <line num="21" count="3" type="cond" truecount="2" falsecount="0"/>
        <line num="23" count="3" type="stmt"/>
        <line num="27" count="2" type="stmt"/>
      </file>
      <file name="types.ts" path="/workspaces/project-atlas/apps/web/src/api/types.ts">
        <metrics statements="0" coveredstatements="0" conditionals="0" coveredconditionals="0" methods="0" coveredmethods="0"/>
      </file>
      <file name="uploads.ts" path="/workspaces/project-atlas/apps/web/src/api/uploads.ts">
        <metrics statements="3" coveredstatements="3" conditionals="0" coveredconditionals="0" methods="1" coveredmethods="1"/>
        <line num="5" count="2" type="stmt"/>
        <line num="6" count="2" type="stmt"/>
        <line num="7" count="2" type="stmt"/>
      </file>
    </package>
    <package name="stores">
      <metrics statements="10" coveredstatements="10" conditionals="0" coveredconditionals="0" methods="5" coveredmethods="4"/>
      <file name="auth.ts" path="/workspaces/project-atlas/apps/web/src/stores/auth.ts">
        <metrics statements="10" coveredstatements="10" conditionals="0" coveredconditionals="0" methods="5" coveredmethods="4"/>
        <line num="15" count="1" type="stmt"/>
        <line num="16" count="4" type="stmt"/>
        <line num="17" count="4" type="stmt"/>
        <line num="19" count="4" type="stmt"/>
        <line num="22" count="3" type="stmt"/>
        <line num="23" count="3" type="stmt"/>
        <line num="27" count="1" type="stmt"/>
        <line num="28" count="1" type="stmt"/>
        <line num="32" count="4" type="stmt"/>
        <line num="34" count="4" type="stmt"/>
      </file>
    </package>
  </project>
</coverage>
