{"/workspaces/project-atlas/apps/web/src/api/auth.ts": {"path":"/workspaces/project-atlas/apps/web/src/api/auth.ts","statementMap":{"0":{"start":{"line":17,"column":2},"end":{"line":17,"column":null}},"1":{"start":{"line":21,"column":2},"end":{"line":21,"column":null}},"2":{"start":{"line":25,"column":2},"end":{"line":29,"column":null}},"3":{"start":{"line":33,"column":2},"end":{"line":33,"column":null}}},"fnMap":{"0":{"name":"register","decl":{"start":{"line":16,"column":16},"end":{"line":16,"column":25}},"loc":{"start":{"line":16,"column":90},"end":{"line":18,"column":null}},"line":16},"1":{"name":"login","decl":{"start":{"line":20,"column":16},"end":{"line":20,"column":22}},"loc":{"start":{"line":20,"column":78},"end":{"line":22,"column":null}},"line":20},"2":{"name":"refresh","decl":{"start":{"line":24,"column":16},"end":{"line":24,"column":24}},"loc":{"start":{"line":24,"column":81},"end":{"line":30,"column":null}},"line":24},"3":{"name":"logout","decl":{"start":{"line":32,"column":16},"end":{"line":32,"column":23}},"loc":{"start":{"line":32,"column":60},"end":{"line":34,"column":null}},"line":32}},"branchMap":{},"s":{"0":2,"1":1,"2":1,"3":1},"f":{"0":2,"1":1,"2":1,"3":1},"b":{},"meta":{"lastBranch":0,"lastFunction":4,"lastStatement":4,"seen":{"f:16:16:16:25":0,"s:17:2:17:Infinity":0,"f:20:16:20:22":1,"s:21:2:21:Infinity":1,"f:24:16:24:24":2,"s:25:2:29:Infinity":2,"f:32:16:32:23":3,"s:33:2:33:Infinity":3},"fnNames":{}}}
,"/workspaces/project-atlas/apps/web/src/api/client.ts": {"path":"/workspaces/project-atlas/apps/web/src/api/client.ts","statementMap":{"0":{"start":{"line":10,"column":2},"end":{"line":16,"column":null}},"1":{"start":{"line":12,"column":17},"end":{"line":12,"column":null}},"2":{"start":{"line":13,"column":4},"end":{"line":13,"column":null}},"3":{"start":{"line":15,"column":4},"end":{"line":15,"column":null}},"4":{"start":{"line":19,"column":22},"end":{"line":19,"column":null}},"5":{"start":{"line":23,"column":2},"end":{"line":23,"column":null}},"6":{"start":{"line":28,"column":2},"end":{"line":28,"column":null}},"7":{"start":{"line":36,"column":4},"end":{"line":36,"column":null}},"8":{"start":{"line":36,"column":36},"end":{"line":36,"column":null}},"9":{"start":{"line":40,"column":2},"end":{"line":40,"column":null}},"10":{"start":{"line":48,"column":44},"end":{"line":48,"column":null}},"11":{"start":{"line":56,"column":2},"end":{"line":56,"column":null}},"12":{"start":{"line":63,"column":27},"end":{"line":63,"column":null}},"13":{"start":{"line":95,"column":14},"end":{"line":95,"column":null}},"14":{"start":{"line":97,"column":42},"end":{"line":97,"column":null}},"15":{"start":{"line":100,"column":2},"end":{"line":105,"column":null}},"16":{"start":{"line":101,"column":18},"end":{"line":101,"column":null}},"17":{"start":{"line":102,"column":4},"end":{"line":104,"column":null}},"18":{"start":{"line":103,"column":6},"end":{"line":103,"column":null}},"19":{"start":{"line":108,"column":2},"end":{"line":110,"column":null}},"20":{"start":{"line":109,"column":4},"end":{"line":109,"column":null}},"21":{"start":{"line":115,"column":20},"end":{"line":115,"column":null}},"22":{"start":{"line":117,"column":2},"end":{"line":120,"column":null}},"23":{"start":{"line":118,"column":4},"end":{"line":118,"column":null}},"24":{"start":{"line":119,"column":4},"end":{"line":119,"column":null}},"25":{"start":{"line":119,"column":33},"end":{"line":119,"column":54}},"26":{"start":{"line":122,"column":17},"end":{"line":122,"column":null}},"27":{"start":{"line":125,"column":2},"end":{"line":156,"column":null}},"28":{"start":{"line":126,"column":4},"end":{"line":135,"column":null}},"29":{"start":{"line":137,"column":4},"end":{"line":137,"column":null}},"30":{"start":{"line":137,"column":33},"end":{"line":137,"column":null}},"31":{"start":{"line":140,"column":4},"end":{"line":147,"column":null}},"32":{"start":{"line":141,"column":6},"end":{"line":146,"column":null}},"33":{"start":{"line":148,"column":4},"end":{"line":153,"column":null}},"34":{"start":{"line":155,"column":4},"end":{"line":155,"column":null}},"35":{"start":{"line":155,"column":33},"end":{"line":155,"column":null}},"36":{"start":{"line":159,"column":2},"end":{"line":161,"column":null}},"37":{"start":{"line":160,"column":4},"end":{"line":160,"column":null}},"38":{"start":{"line":164,"column":2},"end":{"line":193,"column":null}},"39":{"start":{"line":166,"column":4},"end":{"line":176,"column":null}},"40":{"start":{"line":172,"column":24},"end":{"line":172,"column":null}},"41":{"start":{"line":173,"column":6},"end":{"line":175,"column":null}},"42":{"start":{"line":174,"column":8},"end":{"line":174,"column":null}},"43":{"start":{"line":178,"column":24},"end":{"line":178,"column":null}},"44":{"start":{"line":180,"column":4},"end":{"line":183,"column":null}},"45":{"start":{"line":181,"column":23},"end":{"line":181,"column":null}},"46":{"start":{"line":182,"column":6},"end":{"line":182,"column":null}},"47":{"start":{"line":186,"column":17},"end":{"line":186,"column":null}},"48":{"start":{"line":187,"column":4},"end":{"line":192,"column":null}},"49":{"start":{"line":196,"column":2},"end":{"line":196,"column":null}},"50":{"start":{"line":204,"column":2},"end":{"line":204,"column":null}},"51":{"start":{"line":208,"column":2},"end":{"line":208,"column":null}}},"fnMap":{"0":{"name":"getBaseUrl","decl":{"start":{"line":9,"column":9},"end":{"line":9,"column":30}},"loc":{"start":{"line":9,"column":30},"end":{"line":17,"column":null}},"line":9},"1":{"name":"setBaseUrl","decl":{"start":{"line":22,"column":16},"end":{"line":22,"column":27}},"loc":{"start":{"line":22,"column":46},"end":{"line":24,"column":null}},"line":22},"2":{"name":"getConfiguredBaseUrl","decl":{"start":{"line":27,"column":16},"end":{"line":27,"column":47}},"loc":{"start":{"line":27,"column":47},"end":{"line":29,"column":null}},"line":27},"3":{"name":"(anonymous_3)","decl":{"start":{"line":36,"column":4},"end":{"line":36,"column":36}},"loc":{"start":{"line":36,"column":36},"end":{"line":36,"column":null}},"line":36},"4":{"name":"setTokenAccessor","decl":{"start":{"line":39,"column":16},"end":{"line":39,"column":33}},"loc":{"start":{"line":39,"column":64},"end":{"line":41,"column":null}},"line":39},"5":{"name":"setRefreshHandler","decl":{"start":{"line":55,"column":16},"end":{"line":55,"column":34}},"loc":{"start":{"line":55,"column":65},"end":{"line":57,"column":null}},"line":55},"6":{"name":"request","decl":{"start":{"line":89,"column":22},"end":{"line":89,"column":null}},"loc":{"start":{"line":94,"column":14},"end":{"line":197,"column":null}},"line":94},"7":{"name":"(anonymous_7)","decl":{"start":{"line":119,"column":16},"end":{"line":119,"column":33}},"loc":{"start":{"line":119,"column":33},"end":{"line":119,"column":54}},"line":119},"8":{"name":"get","decl":{"start":{"line":203,"column":16},"end":{"line":203,"column":23}},"loc":{"start":{"line":203,"column":75},"end":{"line":205,"column":null}},"line":203},"9":{"name":"post","decl":{"start":{"line":207,"column":16},"end":{"line":207,"column":24}},"loc":{"start":{"line":207,"column":92},"end":{"line":209,"column":null}},"line":207}},"branchMap":{"0":{"loc":{"start":{"line":13,"column":11},"end":{"line":13,"column":null}},"type":"binary-expr","locations":[{"start":{"line":13,"column":11},"end":{"line":13,"column":37}},{"start":{"line":13,"column":37},"end":{"line":13,"column":null}}],"line":13},"1":{"loc":{"start":{"line":93,"column":2},"end":{"line":93,"column":null}},"type":"default-arg","locations":[{"start":{"line":93,"column":28},"end":{"line":93,"column":null}}],"line":93},"2":{"loc":{"start":{"line":100,"column":2},"end":{"line":105,"column":null}},"type":"if","locations":[{"start":{"line":100,"column":2},"end":{"line":105,"column":null}},{"start":{},"end":{}}],"line":100},"3":{"loc":{"start":{"line":102,"column":4},"end":{"line":104,"column":null}},"type":"if","locations":[{"start":{"line":102,"column":4},"end":{"line":104,"column":null}},{"start":{},"end":{}}],"line":102},"4":{"loc":{"start":{"line":108,"column":2},"end":{"line":110,"column":null}},"type":"if","locations":[{"start":{"line":108,"column":2},"end":{"line":110,"column":null}},{"start":{},"end":{}}],"line":108},"5":{"loc":{"start":{"line":108,"column":6},"end":{"line":108,"column":57}},"type":"binary-expr","locations":[{"start":{"line":108,"column":6},"end":{"line":108,"column":28}},{"start":{"line":108,"column":28},"end":{"line":108,"column":57}}],"line":108},"6":{"loc":{"start":{"line":115,"column":20},"end":{"line":115,"column":null}},"type":"binary-expr","locations":[{"start":{"line":115,"column":20},"end":{"line":115,"column":39}},{"start":{"line":115,"column":39},"end":{"line":115,"column":null}}],"line":115},"7":{"loc":{"start":{"line":117,"column":2},"end":{"line":120,"column":null}},"type":"if","locations":[{"start":{"line":117,"column":2},"end":{"line":120,"column":null}},{"start":{},"end":{}}],"line":117},"8":{"loc":{"start":{"line":117,"column":6},"end":{"line":117,"column":40}},"type":"binary-expr","locations":[{"start":{"line":117,"column":6},"end":{"line":117,"column":23}},{"start":{"line":117,"column":23},"end":{"line":117,"column":40}}],"line":117},"9":{"loc":{"start":{"line":122,"column":17},"end":{"line":122,"column":null}},"type":"binary-expr","locations":[{"start":{"line":122,"column":17},"end":{"line":122,"column":35}},{"start":{"line":122,"column":35},"end":{"line":122,"column":null}}],"line":122},"10":{"loc":{"start":{"line":129,"column":12},"end":{"line":133,"column":null}},"type":"cond-expr","locations":[{"start":{"line":130,"column":10},"end":{"line":130,"column":null}},{"start":{"line":131,"column":10},"end":{"line":133,"column":null}}],"line":129},"11":{"loc":{"start":{"line":131,"column":10},"end":{"line":133,"column":null}},"type":"cond-expr","locations":[{"start":{"line":132,"column":12},"end":{"line":132,"column":null}},{"start":{"line":133,"column":12},"end":{"line":133,"column":null}}],"line":131},"12":{"loc":{"start":{"line":137,"column":4},"end":{"line":137,"column":null}},"type":"if","locations":[{"start":{"line":137,"column":4},"end":{"line":137,"column":null}},{"start":{},"end":{}}],"line":137},"13":{"loc":{"start":{"line":140,"column":4},"end":{"line":147,"column":null}},"type":"if","locations":[{"start":{"line":140,"column":4},"end":{"line":147,"column":null}},{"start":{},"end":{}}],"line":140},"14":{"loc":{"start":{"line":140,"column":8},"end":{"line":140,"column":66}},"type":"binary-expr","locations":[{"start":{"line":140,"column":8},"end":{"line":140,"column":39}},{"start":{"line":140,"column":39},"end":{"line":140,"column":66}}],"line":140},"15":{"loc":{"start":{"line":152,"column":14},"end":{"line":152,"column":null}},"type":"cond-expr","locations":[{"start":{"line":152,"column":37},"end":{"line":152,"column":51}},{"start":{"line":152,"column":51},"end":{"line":152,"column":null}}],"line":152},"16":{"loc":{"start":{"line":155,"column":4},"end":{"line":155,"column":null}},"type":"if","locations":[{"start":{"line":155,"column":4},"end":{"line":155,"column":null}},{"start":{},"end":{}}],"line":155},"17":{"loc":{"start":{"line":159,"column":2},"end":{"line":161,"column":null}},"type":"if","locations":[{"start":{"line":159,"column":2},"end":{"line":161,"column":null}},{"start":{},"end":{}}],"line":159},"18":{"loc":{"start":{"line":164,"column":2},"end":{"line":193,"column":null}},"type":"if","locations":[{"start":{"line":164,"column":2},"end":{"line":193,"column":null}},{"start":{},"end":{}}],"line":164},"19":{"loc":{"start":{"line":166,"column":4},"end":{"line":176,"column":null}},"type":"if","locations":[{"start":{"line":166,"column":4},"end":{"line":176,"column":null}},{"start":{},"end":{}}],"line":166},"20":{"loc":{"start":{"line":167,"column":6},"end":{"line":170,"column":null}},"type":"binary-expr","locations":[{"start":{"line":167,"column":6},"end":{"line":167,"column":null}},{"start":{"line":168,"column":9},"end":{"line":168,"column":null}},{"start":{"line":169,"column":9},"end":{"line":169,"column":null}},{"start":{"line":170,"column":9},"end":{"line":170,"column":null}}],"line":167},"21":{"loc":{"start":{"line":173,"column":6},"end":{"line":175,"column":null}},"type":"if","locations":[{"start":{"line":173,"column":6},"end":{"line":175,"column":null}},{"start":{},"end":{}}],"line":173},"22":{"loc":{"start":{"line":178,"column":24},"end":{"line":178,"column":null}},"type":"binary-expr","locations":[{"start":{"line":178,"column":24},"end":{"line":178,"column":64}},{"start":{"line":178,"column":64},"end":{"line":178,"column":null}}],"line":178},"23":{"loc":{"start":{"line":180,"column":4},"end":{"line":183,"column":null}},"type":"if","locations":[{"start":{"line":180,"column":4},"end":{"line":183,"column":null}},{"start":{},"end":{}}],"line":180},"24":{"loc":{"start":{"line":189,"column":13},"end":{"line":189,"column":null}},"type":"binary-expr","locations":[{"start":{"line":189,"column":13},"end":{"line":189,"column":36}},{"start":{"line":189,"column":36},"end":{"line":189,"column":null}}],"line":189},"25":{"loc":{"start":{"line":191,"column":14},"end":{"line":191,"column":null}},"type":"binary-expr","locations":[{"start":{"line":191,"column":14},"end":{"line":191,"column":22}},{"start":{"line":191,"column":22},"end":{"line":191,"column":null}}],"line":191}},"s":{"0":8,"1":8,"2":8,"3":0,"4":8,"5":31,"6":1,"7":8,"8":0,"9":62,"10":8,"11":30,"12":8,"13":29,"14":29,"15":29,"16":23,"17":23,"18":10,"19":29,"20":8,"21":29,"22":29,"23":27,"24":27,"25":0,"26":29,"27":29,"28":29,"29":3,"30":1,"31":3,"32":2,"33":1,"34":29,"35":27,"36":26,"37":2,"38":24,"39":4,"40":0,"41":0,"42":0,"43":4,"44":4,"45":3,"46":3,"47":1,"48":1,"49":20,"50":17,"51":11},"f":{"0":8,"1":31,"2":1,"3":0,"4":62,"5":30,"6":29,"7":0,"8":17,"9":11},"b":{"0":[8,8],"1":[29],"2":[23,6],"3":[10,13],"4":[8,21],"5":[29,11],"6":[29,27],"7":[27,2],"8":[29,28],"9":[29,28],"10":[3,26],"11":[8,18],"12":[1,2],"13":[2,1],"14":[3,2],"15":[1,0],"16":[27,2],"17":[2,24],"18":[4,20],"19":[0,4],"20":[4,2,2,2],"21":[0,0],"22":[4,0],"23":[3,1],"24":[1,0],"25":[4,0]},"meta":{"lastBranch":26,"lastFunction":10,"lastStatement":52,"seen":{"f:9:9:9:30":0,"s:10:2:16:Infinity":0,"s:12:17:12:Infinity":1,"s:13:4:13:Infinity":2,"b:13:11:13:37:13:37:13:Infinity":0,"s:15:4:15:Infinity":3,"s:19:22:19:Infinity":4,"f:22:16:22:27":1,"s:23:2:23:Infinity":5,"f:27:16:27:47":2,"s:28:2:28:Infinity":6,"s:36:4:36:Infinity":7,"f:36:4:36:36":3,"s:36:36:36:Infinity":8,"f:39:16:39:33":4,"s:40:2:40:Infinity":9,"s:48:44:48:Infinity":10,"f:55:16:55:34":5,"s:56:2:56:Infinity":11,"s:63:27:63:Infinity":12,"f:89:22:89:Infinity":6,"b:93:28:93:Infinity":1,"s:95:14:95:Infinity":13,"s:97:42:97:Infinity":14,"b:100:2:105:Infinity:undefined:undefined:undefined:undefined":2,"s:100:2:105:Infinity":15,"s:101:18:101:Infinity":16,"b:102:4:104:Infinity:undefined:undefined:undefined:undefined":3,"s:102:4:104:Infinity":17,"s:103:6:103:Infinity":18,"b:108:2:110:Infinity:undefined:undefined:undefined:undefined":4,"s:108:2:110:Infinity":19,"b:108:6:108:28:108:28:108:57":5,"s:109:4:109:Infinity":20,"s:115:20:115:Infinity":21,"b:115:20:115:39:115:39:115:Infinity":6,"b:117:2:120:Infinity:undefined:undefined:undefined:undefined":7,"s:117:2:120:Infinity":22,"b:117:6:117:23:117:23:117:40":8,"s:118:4:118:Infinity":23,"s:119:4:119:Infinity":24,"f:119:16:119:33":7,"s:119:33:119:54":25,"s:122:17:122:Infinity":26,"b:122:17:122:35:122:35:122:Infinity":9,"s:125:2:156:Infinity":27,"s:126:4:135:Infinity":28,"b:130:10:130:Infinity:131:10:133:Infinity":10,"b:132:12:132:Infinity:133:12:133:Infinity":11,"b:137:4:137:Infinity:undefined:undefined:undefined:undefined":12,"s:137:4:137:Infinity":29,"s:137:33:137:Infinity":30,"b:140:4:147:Infinity:undefined:undefined:undefined:undefined":13,"s:140:4:147:Infinity":31,"b:140:8:140:39:140:39:140:66":14,"s:141:6:146:Infinity":32,"s:148:4:153:Infinity":33,"b:152:37:152:51:152:51:152:Infinity":15,"b:155:4:155:Infinity:undefined:undefined:undefined:undefined":16,"s:155:4:155:Infinity":34,"s:155:33:155:Infinity":35,"b:159:2:161:Infinity:undefined:undefined:undefined:undefined":17,"s:159:2:161:Infinity":36,"s:160:4:160:Infinity":37,"b:164:2:193:Infinity:undefined:undefined:undefined:undefined":18,"s:164:2:193:Infinity":38,"b:166:4:176:Infinity:undefined:undefined:undefined:undefined":19,"s:166:4:176:Infinity":39,"b:167:6:167:Infinity:168:9:168:Infinity:169:9:169:Infinity:170:9:170:Infinity":20,"s:172:24:172:Infinity":40,"b:173:6:175:Infinity:undefined:undefined:undefined:undefined":21,"s:173:6:175:Infinity":41,"s:174:8:174:Infinity":42,"s:178:24:178:Infinity":43,"b:178:24:178:64:178:64:178:Infinity":22,"b:180:4:183:Infinity:undefined:undefined:undefined:undefined":23,"s:180:4:183:Infinity":44,"s:181:23:181:Infinity":45,"s:182:6:182:Infinity":46,"s:186:17:186:Infinity":47,"s:187:4:192:Infinity":48,"b:189:13:189:36:189:36:189:Infinity":24,"b:191:14:191:22:191:22:191:Infinity":25,"s:196:2:196:Infinity":49,"f:203:16:203:23":8,"s:204:2:204:Infinity":50,"f:207:16:207:24":9,"s:208:2:208:Infinity":51},"fnNames":{}}}
,"/workspaces/project-atlas/apps/web/src/api/dashboard.ts": {"path":"/workspaces/project-atlas/apps/web/src/api/dashboard.ts","statementMap":{"0":{"start":{"line":5,"column":2},"end":{"line":5,"column":null}}},"fnMap":{"0":{"name":"getDashboard","decl":{"start":{"line":4,"column":16},"end":{"line":4,"column":65}},"loc":{"start":{"line":4,"column":65},"end":{"line":6,"column":null}},"line":4}},"branchMap":{},"s":{"0":1},"f":{"0":1},"b":{},"meta":{"lastBranch":0,"lastFunction":1,"lastStatement":1,"seen":{"f:4:16:4:65":0,"s:5:2:5:Infinity":0},"fnNames":{}}}
,"/workspaces/project-atlas/apps/web/src/api/errors.ts": {"path":"/workspaces/project-atlas/apps/web/src/api/errors.ts","statementMap":{"0":{"start":{"line":22,"column":4},"end":{"line":22,"column":null}},"1":{"start":{"line":23,"column":4},"end":{"line":23,"column":null}},"2":{"start":{"line":24,"column":4},"end":{"line":24,"column":null}},"3":{"start":{"line":25,"column":4},"end":{"line":25,"column":null}},"4":{"start":{"line":26,"column":4},"end":{"line":26,"column":null}},"5":{"start":{"line":27,"column":4},"end":{"line":27,"column":null}},"6":{"start":{"line":28,"column":4},"end":{"line":28,"column":null}},"7":{"start":{"line":33,"column":4},"end":{"line":33,"column":null}}},"fnMap":{"0":{"name":"constructor","decl":{"start":{"line":21,"column":2},"end":{"line":21,"column":14}},"loc":{"start":{"line":21,"column":38},"end":{"line":29,"column":null}},"line":21},"1":{"name":"isValidation","decl":{"start":{"line":32,"column":6},"end":{"line":32,"column":30}},"loc":{"start":{"line":32,"column":30},"end":{"line":34,"column":null}},"line":32}},"branchMap":{"0":{"loc":{"start":{"line":33,"column":11},"end":{"line":33,"column":null}},"type":"binary-expr","locations":[{"start":{"line":33,"column":11},"end":{"line":33,"column":34}},{"start":{"line":33,"column":34},"end":{"line":33,"column":null}}],"line":33}},"s":{"0":10,"1":10,"2":10,"3":10,"4":10,"5":10,"6":10,"7":1},"f":{"0":10,"1":1},"b":{"0":[1,1]},"meta":{"lastBranch":1,"lastFunction":2,"lastStatement":8,"seen":{"f:21:2:21:14":0,"s:22:4:22:Infinity":0,"s:23:4:23:Infinity":1,"s:24:4:24:Infinity":2,"s:25:4:25:Infinity":3,"s:26:4:26:Infinity":4,"s:27:4:27:Infinity":5,"s:28:4:28:Infinity":6,"f:32:6:32:30":1,"s:33:4:33:Infinity":7,"b:33:11:33:34:33:34:33:Infinity":0},"fnNames":{}}}
,"/workspaces/project-atlas/apps/web/src/api/index.ts": {"path":"/workspaces/project-atlas/apps/web/src/api/index.ts","statementMap":{},"fnMap":{},"branchMap":{},"s":{},"f":{},"b":{},"meta":{"lastBranch":0,"lastFunction":0,"lastStatement":0,"seen":{},"fnNames":{}}}
,"/workspaces/project-atlas/apps/web/src/api/reports.ts": {"path":"/workspaces/project-atlas/apps/web/src/api/reports.ts","statementMap":{"0":{"start":{"line":5,"column":2},"end":{"line":5,"column":null}}},"fnMap":{"0":{"name":"getReport","decl":{"start":{"line":4,"column":16},"end":{"line":4,"column":59}},"loc":{"start":{"line":4,"column":59},"end":{"line":6,"column":null}},"line":4}},"branchMap":{},"s":{"0":1},"f":{"0":1},"b":{},"meta":{"lastBranch":0,"lastFunction":1,"lastStatement":1,"seen":{"f:4:16:4:59":0,"s:5:2:5:Infinity":0},"fnNames":{}}}
,"/workspaces/project-atlas/apps/web/src/api/tickets.ts": {"path":"/workspaces/project-atlas/apps/web/src/api/tickets.ts","statementMap":{"0":{"start":{"line":11,"column":16},"end":{"line":11,"column":null}},"1":{"start":{"line":13,"column":2},"end":{"line":13,"column":null}},"2":{"start":{"line":13,"column":33},"end":{"line":13,"column":null}},"3":{"start":{"line":14,"column":2},"end":{"line":14,"column":null}},"4":{"start":{"line":14,"column":37},"end":{"line":14,"column":null}},"5":{"start":{"line":15,"column":2},"end":{"line":15,"column":null}},"6":{"start":{"line":15,"column":21},"end":{"line":15,"column":null}},"7":{"start":{"line":16,"column":2},"end":{"line":16,"column":null}},"8":{"start":{"line":16,"column":21},"end":{"line":16,"column":null}},"9":{"start":{"line":17,"column":2},"end":{"line":17,"column":null}},"10":{"start":{"line":17,"column":23},"end":{"line":17,"column":null}},"11":{"start":{"line":18,"column":2},"end":{"line":18,"column":null}},"12":{"start":{"line":18,"column":23},"end":{"line":18,"column":null}},"13":{"start":{"line":20,"column":13},"end":{"line":20,"column":null}},"14":{"start":{"line":21,"column":15},"end":{"line":21,"column":null}},"15":{"start":{"line":23,"column":2},"end":{"line":23,"column":null}},"16":{"start":{"line":27,"column":2},"end":{"line":27,"column":null}}},"fnMap":{"0":{"name":"list","decl":{"start":{"line":10,"column":16},"end":{"line":10,"column":21}},"loc":{"start":{"line":10,"column":88},"end":{"line":24,"column":null}},"line":10},"1":{"name":"getById","decl":{"start":{"line":26,"column":16},"end":{"line":26,"column":24}},"loc":{"start":{"line":26,"column":73},"end":{"line":28,"column":null}},"line":26}},"branchMap":{"0":{"loc":{"start":{"line":10,"column":21},"end":{"line":10,"column":88}},"type":"default-arg","locations":[{"start":{"line":10,"column":48},"end":{"line":10,"column":88}}],"line":10},"1":{"loc":{"start":{"line":13,"column":2},"end":{"line":13,"column":null}},"type":"if","locations":[{"start":{"line":13,"column":2},"end":{"line":13,"column":null}},{"start":{},"end":{}}],"line":13},"2":{"loc":{"start":{"line":14,"column":2},"end":{"line":14,"column":null}},"type":"if","locations":[{"start":{"line":14,"column":2},"end":{"line":14,"column":null}},{"start":{},"end":{}}],"line":14},"3":{"loc":{"start":{"line":15,"column":2},"end":{"line":15,"column":null}},"type":"if","locations":[{"start":{"line":15,"column":2},"end":{"line":15,"column":null}},{"start":{},"end":{}}],"line":15},"4":{"loc":{"start":{"line":16,"column":2},"end":{"line":16,"column":null}},"type":"if","locations":[{"start":{"line":16,"column":2},"end":{"line":16,"column":null}},{"start":{},"end":{}}],"line":16},"5":{"loc":{"start":{"line":17,"column":2},"end":{"line":17,"column":null}},"type":"if","locations":[{"start":{"line":17,"column":2},"end":{"line":17,"column":null}},{"start":{},"end":{}}],"line":17},"6":{"loc":{"start":{"line":18,"column":2},"end":{"line":18,"column":null}},"type":"if","locations":[{"start":{"line":18,"column":2},"end":{"line":18,"column":null}},{"start":{},"end":{}}],"line":18},"7":{"loc":{"start":{"line":21,"column":15},"end":{"line":21,"column":null}},"type":"cond-expr","locations":[{"start":{"line":21,"column":20},"end":{"line":21,"column":39}},{"start":{"line":21,"column":39},"end":{"line":21,"column":null}}],"line":21}},"s":{"0":3,"1":3,"2":1,"3":3,"4":0,"5":3,"6":1,"7":3,"8":1,"9":3,"10":1,"11":3,"12":1,"13":3,"14":3,"15":3,"16":2},"f":{"0":3,"1":2},"b":{"0":[3],"1":[1,2],"2":[0,3],"3":[1,2],"4":[1,2],"5":[1,2],"6":[1,2],"7":[2,1]},"meta":{"lastBranch":8,"lastFunction":2,"lastStatement":17,"seen":{"f:10:16:10:21":0,"b:10:48:10:88":0,"s:11:16:11:Infinity":0,"b:13:2:13:Infinity:undefined:undefined:undefined:undefined":1,"s:13:2:13:Infinity":1,"s:13:33:13:Infinity":2,"b:14:2:14:Infinity:undefined:undefined:undefined:undefined":2,"s:14:2:14:Infinity":3,"s:14:37:14:Infinity":4,"b:15:2:15:Infinity:undefined:undefined:undefined:undefined":3,"s:15:2:15:Infinity":5,"s:15:21:15:Infinity":6,"b:16:2:16:Infinity:undefined:undefined:undefined:undefined":4,"s:16:2:16:Infinity":7,"s:16:21:16:Infinity":8,"b:17:2:17:Infinity:undefined:undefined:undefined:undefined":5,"s:17:2:17:Infinity":9,"s:17:23:17:Infinity":10,"b:18:2:18:Infinity:undefined:undefined:undefined:undefined":6,"s:18:2:18:Infinity":11,"s:18:23:18:Infinity":12,"s:20:13:20:Infinity":13,"s:21:15:21:Infinity":14,"b:21:20:21:39:21:39:21:Infinity":7,"s:23:2:23:Infinity":15,"f:26:16:26:24":1,"s:27:2:27:Infinity":16},"fnNames":{}}}
,"/workspaces/project-atlas/apps/web/src/api/types.ts": {"path":"/workspaces/project-atlas/apps/web/src/api/types.ts","statementMap":{},"fnMap":{},"branchMap":{},"s":{},"f":{},"b":{},"meta":{"lastBranch":0,"lastFunction":0,"lastStatement":0,"seen":{},"fnNames":{}}}
,"/workspaces/project-atlas/apps/web/src/api/uploads.ts": {"path":"/workspaces/project-atlas/apps/web/src/api/uploads.ts","statementMap":{"0":{"start":{"line":5,"column":15},"end":{"line":5,"column":null}},"1":{"start":{"line":6,"column":2},"end":{"line":6,"column":null}},"2":{"start":{"line":7,"column":2},"end":{"line":7,"column":null}}},"fnMap":{"0":{"name":"create","decl":{"start":{"line":4,"column":16},"end":{"line":4,"column":23}},"loc":{"start":{"line":4,"column":66},"end":{"line":8,"column":null}},"line":4}},"branchMap":{},"s":{"0":2,"1":2,"2":2},"f":{"0":2},"b":{},"meta":{"lastBranch":0,"lastFunction":1,"lastStatement":3,"seen":{"f:4:16:4:23":0,"s:5:15:5:Infinity":0,"s:6:2:6:Infinity":1,"s:7:2:7:Infinity":2},"fnNames":{}}}
,"/workspaces/project-atlas/apps/web/src/stores/auth.ts": {"path":"/workspaces/project-atlas/apps/web/src/stores/auth.ts","statementMap":{"0":{"start":{"line":7,"column":28},"end":{"line":102,"column":null}},"1":{"start":{"line":8,"column":22},"end":{"line":8,"column":null}},"2":{"start":{"line":9,"column":23},"end":{"line":9,"column":null}},"3":{"start":{"line":10,"column":22},"end":{"line":10,"column":null}},"4":{"start":{"line":12,"column":26},"end":{"line":12,"column":null}},"5":{"start":{"line":12,"column":41},"end":{"line":12,"column":67}},"6":{"start":{"line":15,"column":4},"end":{"line":15,"column":null}},"7":{"start":{"line":16,"column":4},"end":{"line":16,"column":null}},"8":{"start":{"line":20,"column":4},"end":{"line":20,"column":null}},"9":{"start":{"line":21,"column":4},"end":{"line":21,"column":null}},"10":{"start":{"line":25,"column":21},"end":{"line":25,"column":null}},"11":{"start":{"line":26,"column":4},"end":{"line":26,"column":null}},"12":{"start":{"line":30,"column":4},"end":{"line":30,"column":null}},"13":{"start":{"line":35,"column":18},"end":{"line":35,"column":null}},"14":{"start":{"line":36,"column":4},"end":{"line":36,"column":null}},"15":{"start":{"line":37,"column":4},"end":{"line":43,"column":null}},"16":{"start":{"line":38,"column":6},"end":{"line":42,"column":null}},"17":{"start":{"line":39,"column":8},"end":{"line":39,"column":null}},"18":{"start":{"line":51,"column":18},"end":{"line":51,"column":null}},"19":{"start":{"line":52,"column":4},"end":{"line":52,"column":null}},"20":{"start":{"line":52,"column":16},"end":{"line":52,"column":null}},"21":{"start":{"line":54,"column":4},"end":{"line":54,"column":null}},"22":{"start":{"line":55,"column":4},"end":{"line":64,"column":null}},"23":{"start":{"line":56,"column":23},"end":{"line":56,"column":null}},"24":{"start":{"line":57,"column":6},"end":{"line":57,"column":null}},"25":{"start":{"line":58,"column":6},"end":{"line":58,"column":null}},"26":{"start":{"line":60,"column":6},"end":{"line":60,"column":null}},"27":{"start":{"line":61,"column":6},"end":{"line":61,"column":null}},"28":{"start":{"line":63,"column":6},"end":{"line":63,"column":null}},"29":{"start":{"line":72,"column":18},"end":{"line":72,"column":null}},"30":{"start":{"line":73,"column":4},"end":{"line":73,"column":null}},"31":{"start":{"line":73,"column":16},"end":{"line":73,"column":null}},"32":{"start":{"line":75,"column":4},"end":{"line":82,"column":null}},"33":{"start":{"line":76,"column":23},"end":{"line":76,"column":null}},"34":{"start":{"line":77,"column":6},"end":{"line":77,"column":null}},"35":{"start":{"line":78,"column":6},"end":{"line":78,"column":null}},"36":{"start":{"line":80,"column":6},"end":{"line":80,"column":null}},"37":{"start":{"line":81,"column":6},"end":{"line":81,"column":null}},"38":{"start":{"line":86,"column":2},"end":{"line":86,"column":null}},"39":{"start":{"line":86,"column":25},"end":{"line":86,"column":42}},"40":{"start":{"line":87,"column":2},"end":{"line":87,"column":null}},"41":{"start":{"line":87,"column":26},"end":{"line":87,"column":42}},"42":{"start":{"line":89,"column":2},"end":{"line":101,"column":null}}},"fnMap":{"0":{"name":"(anonymous_0)","decl":{"start":{"line":7,"column":40},"end":{"line":7,"column":54}},"loc":{"start":{"line":7,"column":54},"end":{"line":102,"column":1}},"line":7},"1":{"name":"(anonymous_1)","decl":{"start":{"line":12,"column":26},"end":{"line":12,"column":41}},"loc":{"start":{"line":12,"column":41},"end":{"line":12,"column":67}},"line":12},"2":{"name":"setTokens","decl":{"start":{"line":14,"column":11},"end":{"line":14,"column":21}},"loc":{"start":{"line":14,"column":60},"end":{"line":17,"column":null}},"line":14},"3":{"name":"clearAuth","decl":{"start":{"line":19,"column":11},"end":{"line":19,"column":29}},"loc":{"start":{"line":19,"column":29},"end":{"line":22,"column":null}},"line":19},"4":{"name":"login","decl":{"start":{"line":24,"column":17},"end":{"line":24,"column":23}},"loc":{"start":{"line":24,"column":59},"end":{"line":27,"column":null}},"line":24},"5":{"name":"register","decl":{"start":{"line":29,"column":17},"end":{"line":29,"column":26}},"loc":{"start":{"line":29,"column":65},"end":{"line":32,"column":null}},"line":29},"6":{"name":"logout","decl":{"start":{"line":34,"column":17},"end":{"line":34,"column":41}},"loc":{"start":{"line":34,"column":41},"end":{"line":44,"column":null}},"line":34},"7":{"name":"restoreSession","decl":{"start":{"line":50,"column":17},"end":{"line":50,"column":52}},"loc":{"start":{"line":50,"column":52},"end":{"line":65,"column":null}},"line":50},"8":{"name":"attemptRefresh","decl":{"start":{"line":71,"column":17},"end":{"line":71,"column":52}},"loc":{"start":{"line":71,"column":52},"end":{"line":83,"column":null}},"line":71},"9":{"name":"(anonymous_9)","decl":{"start":{"line":86,"column":2},"end":{"line":86,"column":25}},"loc":{"start":{"line":86,"column":25},"end":{"line":86,"column":42}},"line":86},"10":{"name":"(anonymous_10)","decl":{"start":{"line":87,"column":2},"end":{"line":87,"column":26}},"loc":{"start":{"line":87,"column":26},"end":{"line":87,"column":42}},"line":87}},"branchMap":{"0":{"loc":{"start":{"line":37,"column":4},"end":{"line":43,"column":null}},"type":"if","locations":[{"start":{"line":37,"column":4},"end":{"line":43,"column":null}},{"start":{},"end":{}}],"line":37},"1":{"loc":{"start":{"line":52,"column":4},"end":{"line":52,"column":null}},"type":"if","locations":[{"start":{"line":52,"column":4},"end":{"line":52,"column":null}},{"start":{},"end":{}}],"line":52},"2":{"loc":{"start":{"line":73,"column":4},"end":{"line":73,"column":null}},"type":"if","locations":[{"start":{"line":73,"column":4},"end":{"line":73,"column":null}},{"start":{},"end":{}}],"line":73}},"s":{"0":5,"1":30,"2":30,"3":30,"4":30,"5":10,"6":12,"7":12,"8":6,"9":6,"10":4,"11":2,"12":3,"13":3,"14":3,"15":3,"16":2,"17":2,"18":3,"19":3,"20":1,"21":2,"22":2,"23":2,"24":1,"25":1,"26":1,"27":1,"28":2,"29":2,"30":2,"31":0,"32":2,"33":2,"34":1,"35":1,"36":1,"37":1,"38":30,"39":0,"40":30,"41":0,"42":30},"f":{"0":30,"1":10,"2":12,"3":6,"4":4,"5":3,"6":3,"7":3,"8":2,"9":0,"10":0},"b":{"0":[2,1],"1":[1,2],"2":[0,2]},"meta":{"lastBranch":3,"lastFunction":11,"lastStatement":43,"seen":{"s:7:28:102:Infinity":0,"f:7:40:7:54":0,"s:8:22:8:Infinity":1,"s:9:23:9:Infinity":2,"s:10:22:10:Infinity":3,"s:12:26:12:Infinity":4,"f:12:26:12:41":1,"s:12:41:12:67":5,"f:14:11:14:21":2,"s:15:4:15:Infinity":6,"s:16:4:16:Infinity":7,"f:19:11:19:29":3,"s:20:4:20:Infinity":8,"s:21:4:21:Infinity":9,"f:24:17:24:23":4,"s:25:21:25:Infinity":10,"s:26:4:26:Infinity":11,"f:29:17:29:26":5,"s:30:4:30:Infinity":12,"f:34:17:34:41":6,"s:35:18:35:Infinity":13,"s:36:4:36:Infinity":14,"b:37:4:43:Infinity:undefined:undefined:undefined:undefined":0,"s:37:4:43:Infinity":15,"s:38:6:42:Infinity":16,"s:39:8:39:Infinity":17,"f:50:17:50:52":7,"s:51:18:51:Infinity":18,"b:52:4:52:Infinity:undefined:undefined:undefined:undefined":1,"s:52:4:52:Infinity":19,"s:52:16:52:Infinity":20,"s:54:4:54:Infinity":21,"s:55:4:64:Infinity":22,"s:56:23:56:Infinity":23,"s:57:6:57:Infinity":24,"s:58:6:58:Infinity":25,"s:60:6:60:Infinity":26,"s:61:6:61:Infinity":27,"s:63:6:63:Infinity":28,"f:71:17:71:52":8,"s:72:18:72:Infinity":29,"b:73:4:73:Infinity:undefined:undefined:undefined:undefined":2,"s:73:4:73:Infinity":30,"s:73:16:73:Infinity":31,"s:75:4:82:Infinity":32,"s:76:23:76:Infinity":33,"s:77:6:77:Infinity":34,"s:78:6:78:Infinity":35,"s:80:6:80:Infinity":36,"s:81:6:81:Infinity":37,"s:86:2:86:Infinity":38,"f:86:2:86:25":9,"s:86:25:86:42":39,"s:87:2:87:Infinity":40,"f:87:2:87:26":10,"s:87:26:87:42":41,"s:89:2:101:Infinity":42},"fnNames":{}}}
}
