{"/workspaces/project-atlas/apps/web/src/api/auth.ts": {"path":"/workspaces/project-atlas/apps/web/src/api/auth.ts","statementMap":{"0":{"start":{"line":17,"column":2},"end":{"line":17,"column":null}},"1":{"start":{"line":21,"column":2},"end":{"line":21,"column":null}},"2":{"start":{"line":25,"column":2},"end":{"line":29,"column":null}},"3":{"start":{"line":33,"column":2},"end":{"line":33,"column":null}}},"fnMap":{"0":{"name":"register","decl":{"start":{"line":16,"column":16},"end":{"line":16,"column":25}},"loc":{"start":{"line":16,"column":90},"end":{"line":18,"column":null}},"line":16},"1":{"name":"login","decl":{"start":{"line":20,"column":16},"end":{"line":20,"column":22}},"loc":{"start":{"line":20,"column":78},"end":{"line":22,"column":null}},"line":20},"2":{"name":"refresh","decl":{"start":{"line":24,"column":16},"end":{"line":24,"column":24}},"loc":{"start":{"line":24,"column":81},"end":{"line":30,"column":null}},"line":24},"3":{"name":"logout","decl":{"start":{"line":32,"column":16},"end":{"line":32,"column":23}},"loc":{"start":{"line":32,"column":60},"end":{"line":34,"column":null}},"line":32}},"branchMap":{},"s":{"0":2,"1":1,"2":1,"3":1},"f":{"0":2,"1":1,"2":1,"3":1},"b":{},"meta":{"lastBranch":0,"lastFunction":4,"lastStatement":4,"seen":{"f:16:16:16:25":0,"s:17:2:17:Infinity":0,"f:20:16:20:22":1,"s:21:2:21:Infinity":1,"f:24:16:24:24":2,"s:25:2:29:Infinity":2,"f:32:16:32:23":3,"s:33:2:33:Infinity":3},"fnNames":{}}}
,"/workspaces/project-atlas/apps/web/src/api/client.ts": {"path":"/workspaces/project-atlas/apps/web/src/api/client.ts","statementMap":{"0":{"start":{"line":10,"column":2},"end":{"line":16,"column":null}},"1":{"start":{"line":12,"column":17},"end":{"line":12,"column":null}},"2":{"start":{"line":13,"column":4},"end":{"line":13,"column":null}},"3":{"start":{"line":15,"column":4},"end":{"line":15,"column":null}},"4":{"start":{"line":19,"column":22},"end":{"line":19,"column":null}},"5":{"start":{"line":23,"column":2},"end":{"line":23,"column":null}},"6":{"start":{"line":28,"column":2},"end":{"line":28,"column":null}},"7":{"start":{"line":36,"column":4},"end":{"line":36,"column":null}},"8":{"start":{"line":36,"column":36},"end":{"line":36,"column":null}},"9":{"start":{"line":40,"column":2},"end":{"line":40,"column":null}},"10":{"start":{"line":47,"column":27},"end":{"line":47,"column":null}},"11":{"start":{"line":77,"column":14},"end":{"line":77,"column":null}},"12":{"start":{"line":79,"column":42},"end":{"line":79,"column":null}},"13":{"start":{"line":82,"column":2},"end":{"line":87,"column":null}},"14":{"start":{"line":83,"column":18},"end":{"line":83,"column":null}},"15":{"start":{"line":84,"column":4},"end":{"line":86,"column":null}},"16":{"start":{"line":85,"column":6},"end":{"line":85,"column":null}},"17":{"start":{"line":90,"column":2},"end":{"line":92,"column":null}},"18":{"start":{"line":91,"column":4},"end":{"line":91,"column":null}},"19":{"start":{"line":97,"column":20},"end":{"line":97,"column":null}},"20":{"start":{"line":99,"column":2},"end":{"line":102,"column":null}},"21":{"start":{"line":100,"column":4},"end":{"line":100,"column":null}},"22":{"start":{"line":101,"column":4},"end":{"line":101,"column":null}},"23":{"start":{"line":101,"column":33},"end":{"line":101,"column":54}},"24":{"start":{"line":104,"column":17},"end":{"line":104,"column":null}},"25":{"start":{"line":107,"column":2},"end":{"line":138,"column":null}},"26":{"start":{"line":108,"column":4},"end":{"line":117,"column":null}},"27":{"start":{"line":119,"column":4},"end":{"line":119,"column":null}},"28":{"start":{"line":119,"column":33},"end":{"line":119,"column":null}},"29":{"start":{"line":122,"column":4},"end":{"line":129,"column":null}},"30":{"start":{"line":123,"column":6},"end":{"line":128,"column":null}},"31":{"start":{"line":130,"column":4},"end":{"line":135,"column":null}},"32":{"start":{"line":137,"column":4},"end":{"line":137,"column":null}},"33":{"start":{"line":137,"column":33},"end":{"line":137,"column":null}},"34":{"start":{"line":141,"column":2},"end":{"line":143,"column":null}},"35":{"start":{"line":142,"column":4},"end":{"line":142,"column":null}},"36":{"start":{"line":146,"column":2},"end":{"line":162,"column":null}},"37":{"start":{"line":147,"column":24},"end":{"line":147,"column":null}},"38":{"start":{"line":149,"column":4},"end":{"line":152,"column":null}},"39":{"start":{"line":150,"column":23},"end":{"line":150,"column":null}},"40":{"start":{"line":151,"column":6},"end":{"line":151,"column":null}},"41":{"start":{"line":155,"column":17},"end":{"line":155,"column":null}},"42":{"start":{"line":156,"column":4},"end":{"line":161,"column":null}},"43":{"start":{"line":165,"column":2},"end":{"line":165,"column":null}},"44":{"start":{"line":173,"column":2},"end":{"line":173,"column":null}},"45":{"start":{"line":177,"column":2},"end":{"line":177,"column":null}}},"fnMap":{"0":{"name":"getBaseUrl","decl":{"start":{"line":9,"column":9},"end":{"line":9,"column":30}},"loc":{"start":{"line":9,"column":30},"end":{"line":17,"column":null}},"line":9},"1":{"name":"setBaseUrl","decl":{"start":{"line":22,"column":16},"end":{"line":22,"column":27}},"loc":{"start":{"line":22,"column":46},"end":{"line":24,"column":null}},"line":22},"2":{"name":"getConfiguredBaseUrl","decl":{"start":{"line":27,"column":16},"end":{"line":27,"column":47}},"loc":{"start":{"line":27,"column":47},"end":{"line":29,"column":null}},"line":27},"3":{"name":"(anonymous_3)","decl":{"start":{"line":36,"column":4},"end":{"line":36,"column":36}},"loc":{"start":{"line":36,"column":36},"end":{"line":36,"column":null}},"line":36},"4":{"name":"setTokenAccessor","decl":{"start":{"line":39,"column":16},"end":{"line":39,"column":33}},"loc":{"start":{"line":39,"column":64},"end":{"line":41,"column":null}},"line":39},"5":{"name":"request","decl":{"start":{"line":71,"column":22},"end":{"line":71,"column":null}},"loc":{"start":{"line":76,"column":14},"end":{"line":166,"column":null}},"line":76},"6":{"name":"(anonymous_6)","decl":{"start":{"line":101,"column":16},"end":{"line":101,"column":33}},"loc":{"start":{"line":101,"column":33},"end":{"line":101,"column":54}},"line":101},"7":{"name":"get","decl":{"start":{"line":172,"column":16},"end":{"line":172,"column":23}},"loc":{"start":{"line":172,"column":75},"end":{"line":174,"column":null}},"line":172},"8":{"name":"post","decl":{"start":{"line":176,"column":16},"end":{"line":176,"column":24}},"loc":{"start":{"line":176,"column":92},"end":{"line":178,"column":null}},"line":176}},"branchMap":{"0":{"loc":{"start":{"line":13,"column":11},"end":{"line":13,"column":null}},"type":"binary-expr","locations":[{"start":{"line":13,"column":11},"end":{"line":13,"column":37}},{"start":{"line":13,"column":37},"end":{"line":13,"column":null}}],"line":13},"1":{"loc":{"start":{"line":75,"column":2},"end":{"line":75,"column":null}},"type":"default-arg","locations":[{"start":{"line":75,"column":28},"end":{"line":75,"column":null}}],"line":75},"2":{"loc":{"start":{"line":82,"column":2},"end":{"line":87,"column":null}},"type":"if","locations":[{"start":{"line":82,"column":2},"end":{"line":87,"column":null}},{"start":{},"end":{}}],"line":82},"3":{"loc":{"start":{"line":84,"column":4},"end":{"line":86,"column":null}},"type":"if","locations":[{"start":{"line":84,"column":4},"end":{"line":86,"column":null}},{"start":{},"end":{}}],"line":84},"4":{"loc":{"start":{"line":90,"column":2},"end":{"line":92,"column":null}},"type":"if","locations":[{"start":{"line":90,"column":2},"end":{"line":92,"column":null}},{"start":{},"end":{}}],"line":90},"5":{"loc":{"start":{"line":90,"column":6},"end":{"line":90,"column":57}},"type":"binary-expr","locations":[{"start":{"line":90,"column":6},"end":{"line":90,"column":28}},{"start":{"line":90,"column":28},"end":{"line":90,"column":57}}],"line":90},"6":{"loc":{"start":{"line":97,"column":20},"end":{"line":97,"column":null}},"type":"binary-expr","locations":[{"start":{"line":97,"column":20},"end":{"line":97,"column":39}},{"start":{"line":97,"column":39},"end":{"line":97,"column":null}}],"line":97},"7":{"loc":{"start":{"line":99,"column":2},"end":{"line":102,"column":null}},"type":"if","locations":[{"start":{"line":99,"column":2},"end":{"line":102,"column":null}},{"start":{},"end":{}}],"line":99},"8":{"loc":{"start":{"line":99,"column":6},"end":{"line":99,"column":40}},"type":"binary-expr","locations":[{"start":{"line":99,"column":6},"end":{"line":99,"column":23}},{"start":{"line":99,"column":23},"end":{"line":99,"column":40}}],"line":99},"9":{"loc":{"start":{"line":104,"column":17},"end":{"line":104,"column":null}},"type":"binary-expr","locations":[{"start":{"line":104,"column":17},"end":{"line":104,"column":35}},{"start":{"line":104,"column":35},"end":{"line":104,"column":null}}],"line":104},"10":{"loc":{"start":{"line":111,"column":12},"end":{"line":115,"column":null}},"type":"cond-expr","locations":[{"start":{"line":112,"column":10},"end":{"line":112,"column":null}},{"start":{"line":113,"column":10},"end":{"line":115,"column":null}}],"line":111},"11":{"loc":{"start":{"line":113,"column":10},"end":{"line":115,"column":null}},"type":"cond-expr","locations":[{"start":{"line":114,"column":12},"end":{"line":114,"column":null}},{"start":{"line":115,"column":12},"end":{"line":115,"column":null}}],"line":113},"12":{"loc":{"start":{"line":119,"column":4},"end":{"line":119,"column":null}},"type":"if","locations":[{"start":{"line":119,"column":4},"end":{"line":119,"column":null}},{"start":{},"end":{}}],"line":119},"13":{"loc":{"start":{"line":122,"column":4},"end":{"line":129,"column":null}},"type":"if","locations":[{"start":{"line":122,"column":4},"end":{"line":129,"column":null}},{"start":{},"end":{}}],"line":122},"14":{"loc":{"start":{"line":122,"column":8},"end":{"line":122,"column":66}},"type":"binary-expr","locations":[{"start":{"line":122,"column":8},"end":{"line":122,"column":39}},{"start":{"line":122,"column":39},"end":{"line":122,"column":66}}],"line":122},"15":{"loc":{"start":{"line":134,"column":14},"end":{"line":134,"column":null}},"type":"cond-expr","locations":[{"start":{"line":134,"column":37},"end":{"line":134,"column":51}},{"start":{"line":134,"column":51},"end":{"line":134,"column":null}}],"line":134},"16":{"loc":{"start":{"line":137,"column":4},"end":{"line":137,"column":null}},"type":"if","locations":[{"start":{"line":137,"column":4},"end":{"line":137,"column":null}},{"start":{},"end":{}}],"line":137},"17":{"loc":{"start":{"line":141,"column":2},"end":{"line":143,"column":null}},"type":"if","locations":[{"start":{"line":141,"column":2},"end":{"line":143,"column":null}},{"start":{},"end":{}}],"line":141},"18":{"loc":{"start":{"line":146,"column":2},"end":{"line":162,"column":null}},"type":"if","locations":[{"start":{"line":146,"column":2},"end":{"line":162,"column":null}},{"start":{},"end":{}}],"line":146},"19":{"loc":{"start":{"line":147,"column":24},"end":{"line":147,"column":null}},"type":"binary-expr","locations":[{"start":{"line":147,"column":24},"end":{"line":147,"column":64}},{"start":{"line":147,"column":64},"end":{"line":147,"column":null}}],"line":147},"20":{"loc":{"start":{"line":149,"column":4},"end":{"line":152,"column":null}},"type":"if","locations":[{"start":{"line":149,"column":4},"end":{"line":152,"column":null}},{"start":{},"end":{}}],"line":149},"21":{"loc":{"start":{"line":158,"column":13},"end":{"line":158,"column":null}},"type":"binary-expr","locations":[{"start":{"line":158,"column":13},"end":{"line":158,"column":36}},{"start":{"line":158,"column":36},"end":{"line":158,"column":null}}],"line":158},"22":{"loc":{"start":{"line":160,"column":14},"end":{"line":160,"column":null}},"type":"binary-expr","locations":[{"start":{"line":160,"column":14},"end":{"line":160,"column":22}},{"start":{"line":160,"column":22},"end":{"line":160,"column":null}}],"line":160}},"s":{"0":3,"1":3,"2":3,"3":0,"4":3,"5":31,"6":2,"7":3,"8":0,"9":36,"10":3,"11":29,"12":29,"13":29,"14":23,"15":23,"16":10,"17":29,"18":8,"19":29,"20":29,"21":27,"22":27,"23":0,"24":29,"25":29,"26":29,"27":3,"28":1,"29":3,"30":2,"31":1,"32":29,"33":27,"34":26,"35":2,"36":24,"37":4,"38":4,"39":3,"40":3,"41":1,"42":1,"43":20,"44":17,"45":11},"f":{"0":3,"1":31,"2":2,"3":0,"4":36,"5":29,"6":0,"7":17,"8":11},"b":{"0":[3,3],"1":[29],"2":[23,6],"3":[10,13],"4":[8,21],"5":[29,11],"6":[29,27],"7":[27,2],"8":[29,28],"9":[29,28],"10":[3,26],"11":[8,18],"12":[1,2],"13":[2,1],"14":[3,2],"15":[1,0],"16":[27,2],"17":[2,24],"18":[4,20],"19":[4,0],"20":[3,1],"21":[1,0],"22":[4,0]},"meta":{"lastBranch":23,"lastFunction":9,"lastStatement":46,"seen":{"f:9:9:9:30":0,"s:10:2:16:Infinity":0,"s:12:17:12:Infinity":1,"s:13:4:13:Infinity":2,"b:13:11:13:37:13:37:13:Infinity":0,"s:15:4:15:Infinity":3,"s:19:22:19:Infinity":4,"f:22:16:22:27":1,"s:23:2:23:Infinity":5,"f:27:16:27:47":2,"s:28:2:28:Infinity":6,"s:36:4:36:Infinity":7,"f:36:4:36:36":3,"s:36:36:36:Infinity":8,"f:39:16:39:33":4,"s:40:2:40:Infinity":9,"s:47:27:47:Infinity":10,"f:71:22:71:Infinity":5,"b:75:28:75:Infinity":1,"s:77:14:77:Infinity":11,"s:79:42:79:Infinity":12,"b:82:2:87:Infinity:undefined:undefined:undefined:undefined":2,"s:82:2:87:Infinity":13,"s:83:18:83:Infinity":14,"b:84:4:86:Infinity:undefined:undefined:undefined:undefined":3,"s:84:4:86:Infinity":15,"s:85:6:85:Infinity":16,"b:90:2:92:Infinity:undefined:undefined:undefined:undefined":4,"s:90:2:92:Infinity":17,"b:90:6:90:28:90:28:90:57":5,"s:91:4:91:Infinity":18,"s:97:20:97:Infinity":19,"b:97:20:97:39:97:39:97:Infinity":6,"b:99:2:102:Infinity:undefined:undefined:undefined:undefined":7,"s:99:2:102:Infinity":20,"b:99:6:99:23:99:23:99:40":8,"s:100:4:100:Infinity":21,"s:101:4:101:Infinity":22,"f:101:16:101:33":6,"s:101:33:101:54":23,"s:104:17:104:Infinity":24,"b:104:17:104:35:104:35:104:Infinity":9,"s:107:2:138:Infinity":25,"s:108:4:117:Infinity":26,"b:112:10:112:Infinity:113:10:115:Infinity":10,"b:114:12:114:Infinity:115:12:115:Infinity":11,"b:119:4:119:Infinity:undefined:undefined:undefined:undefined":12,"s:119:4:119:Infinity":27,"s:119:33:119:Infinity":28,"b:122:4:129:Infinity:undefined:undefined:undefined:undefined":13,"s:122:4:129:Infinity":29,"b:122:8:122:39:122:39:122:66":14,"s:123:6:128:Infinity":30,"s:130:4:135:Infinity":31,"b:134:37:134:51:134:51:134:Infinity":15,"b:137:4:137:Infinity:undefined:undefined:undefined:undefined":16,"s:137:4:137:Infinity":32,"s:137:33:137:Infinity":33,"b:141:2:143:Infinity:undefined:undefined:undefined:undefined":17,"s:141:2:143:Infinity":34,"s:142:4:142:Infinity":35,"b:146:2:162:Infinity:undefined:undefined:undefined:undefined":18,"s:146:2:162:Infinity":36,"s:147:24:147:Infinity":37,"b:147:24:147:64:147:64:147:Infinity":19,"b:149:4:152:Infinity:undefined:undefined:undefined:undefined":20,"s:149:4:152:Infinity":38,"s:150:23:150:Infinity":39,"s:151:6:151:Infinity":40,"s:155:17:155:Infinity":41,"s:156:4:161:Infinity":42,"b:158:13:158:36:158:36:158:Infinity":21,"b:160:14:160:22:160:22:160:Infinity":22,"s:165:2:165:Infinity":43,"f:172:16:172:23":7,"s:173:2:173:Infinity":44,"f:176:16:176:24":8,"s:177:2:177:Infinity":45},"fnNames":{}}}
,"/workspaces/project-atlas/apps/web/src/api/dashboard.ts": {"path":"/workspaces/project-atlas/apps/web/src/api/dashboard.ts","statementMap":{"0":{"start":{"line":5,"column":2},"end":{"line":5,"column":null}}},"fnMap":{"0":{"name":"getDashboard","decl":{"start":{"line":4,"column":16},"end":{"line":4,"column":65}},"loc":{"start":{"line":4,"column":65},"end":{"line":6,"column":null}},"line":4}},"branchMap":{},"s":{"0":1},"f":{"0":1},"b":{},"meta":{"lastBranch":0,"lastFunction":1,"lastStatement":1,"seen":{"f:4:16:4:65":0,"s:5:2:5:Infinity":0},"fnNames":{}}}
,"/workspaces/project-atlas/apps/web/src/api/errors.ts": {"path":"/workspaces/project-atlas/apps/web/src/api/errors.ts","statementMap":{"0":{"start":{"line":22,"column":4},"end":{"line":22,"column":null}},"1":{"start":{"line":23,"column":4},"end":{"line":23,"column":null}},"2":{"start":{"line":24,"column":4},"end":{"line":24,"column":null}},"3":{"start":{"line":25,"column":4},"end":{"line":25,"column":null}},"4":{"start":{"line":26,"column":4},"end":{"line":26,"column":null}},"5":{"start":{"line":27,"column":4},"end":{"line":27,"column":null}},"6":{"start":{"line":28,"column":4},"end":{"line":28,"column":null}},"7":{"start":{"line":33,"column":4},"end":{"line":33,"column":null}}},"fnMap":{"0":{"name":"constructor","decl":{"start":{"line":21,"column":2},"end":{"line":21,"column":14}},"loc":{"start":{"line":21,"column":38},"end":{"line":29,"column":null}},"line":21},"1":{"name":"isValidation","decl":{"start":{"line":32,"column":6},"end":{"line":32,"column":30}},"loc":{"start":{"line":32,"column":30},"end":{"line":34,"column":null}},"line":32}},"branchMap":{"0":{"loc":{"start":{"line":33,"column":11},"end":{"line":33,"column":null}},"type":"binary-expr","locations":[{"start":{"line":33,"column":11},"end":{"line":33,"column":34}},{"start":{"line":33,"column":34},"end":{"line":33,"column":null}}],"line":33}},"s":{"0":7,"1":7,"2":7,"3":7,"4":7,"5":7,"6":7,"7":1},"f":{"0":7,"1":1},"b":{"0":[1,1]},"meta":{"lastBranch":1,"lastFunction":2,"lastStatement":8,"seen":{"f:21:2:21:14":0,"s:22:4:22:Infinity":0,"s:23:4:23:Infinity":1,"s:24:4:24:Infinity":2,"s:25:4:25:Infinity":3,"s:26:4:26:Infinity":4,"s:27:4:27:Infinity":5,"s:28:4:28:Infinity":6,"f:32:6:32:30":1,"s:33:4:33:Infinity":7,"b:33:11:33:34:33:34:33:Infinity":0},"fnNames":{}}}
,"/workspaces/project-atlas/apps/web/src/api/index.ts": {"path":"/workspaces/project-atlas/apps/web/src/api/index.ts","statementMap":{},"fnMap":{},"branchMap":{},"s":{},"f":{},"b":{},"meta":{"lastBranch":0,"lastFunction":0,"lastStatement":0,"seen":{},"fnNames":{}}}
,"/workspaces/project-atlas/apps/web/src/api/reports.ts": {"path":"/workspaces/project-atlas/apps/web/src/api/reports.ts","statementMap":{"0":{"start":{"line":5,"column":2},"end":{"line":5,"column":null}}},"fnMap":{"0":{"name":"getReport","decl":{"start":{"line":4,"column":16},"end":{"line":4,"column":59}},"loc":{"start":{"line":4,"column":59},"end":{"line":6,"column":null}},"line":4}},"branchMap":{},"s":{"0":1},"f":{"0":1},"b":{},"meta":{"lastBranch":0,"lastFunction":1,"lastStatement":1,"seen":{"f:4:16:4:59":0,"s:5:2:5:Infinity":0},"fnNames":{}}}
,"/workspaces/project-atlas/apps/web/src/api/tickets.ts": {"path":"/workspaces/project-atlas/apps/web/src/api/tickets.ts","statementMap":{"0":{"start":{"line":11,"column":16},"end":{"line":11,"column":null}},"1":{"start":{"line":13,"column":2},"end":{"line":13,"column":null}},"2":{"start":{"line":13,"column":33},"end":{"line":13,"column":null}},"3":{"start":{"line":14,"column":2},"end":{"line":14,"column":null}},"4":{"start":{"line":14,"column":37},"end":{"line":14,"column":null}},"5":{"start":{"line":15,"column":2},"end":{"line":15,"column":null}},"6":{"start":{"line":15,"column":21},"end":{"line":15,"column":null}},"7":{"start":{"line":16,"column":2},"end":{"line":16,"column":null}},"8":{"start":{"line":16,"column":21},"end":{"line":16,"column":null}},"9":{"start":{"line":17,"column":2},"end":{"line":17,"column":null}},"10":{"start":{"line":17,"column":23},"end":{"line":17,"column":null}},"11":{"start":{"line":18,"column":2},"end":{"line":18,"column":null}},"12":{"start":{"line":18,"column":23},"end":{"line":18,"column":null}},"13":{"start":{"line":20,"column":13},"end":{"line":20,"column":null}},"14":{"start":{"line":21,"column":15},"end":{"line":21,"column":null}},"15":{"start":{"line":23,"column":2},"end":{"line":23,"column":null}},"16":{"start":{"line":27,"column":2},"end":{"line":27,"column":null}}},"fnMap":{"0":{"name":"list","decl":{"start":{"line":10,"column":16},"end":{"line":10,"column":21}},"loc":{"start":{"line":10,"column":88},"end":{"line":24,"column":null}},"line":10},"1":{"name":"getById","decl":{"start":{"line":26,"column":16},"end":{"line":26,"column":24}},"loc":{"start":{"line":26,"column":73},"end":{"line":28,"column":null}},"line":26}},"branchMap":{"0":{"loc":{"start":{"line":10,"column":21},"end":{"line":10,"column":88}},"type":"default-arg","locations":[{"start":{"line":10,"column":48},"end":{"line":10,"column":88}}],"line":10},"1":{"loc":{"start":{"line":13,"column":2},"end":{"line":13,"column":null}},"type":"if","locations":[{"start":{"line":13,"column":2},"end":{"line":13,"column":null}},{"start":{},"end":{}}],"line":13},"2":{"loc":{"start":{"line":14,"column":2},"end":{"line":14,"column":null}},"type":"if","locations":[{"start":{"line":14,"column":2},"end":{"line":14,"column":null}},{"start":{},"end":{}}],"line":14},"3":{"loc":{"start":{"line":15,"column":2},"end":{"line":15,"column":null}},"type":"if","locations":[{"start":{"line":15,"column":2},"end":{"line":15,"column":null}},{"start":{},"end":{}}],"line":15},"4":{"loc":{"start":{"line":16,"column":2},"end":{"line":16,"column":null}},"type":"if","locations":[{"start":{"line":16,"column":2},"end":{"line":16,"column":null}},{"start":{},"end":{}}],"line":16},"5":{"loc":{"start":{"line":17,"column":2},"end":{"line":17,"column":null}},"type":"if","locations":[{"start":{"line":17,"column":2},"end":{"line":17,"column":null}},{"start":{},"end":{}}],"line":17},"6":{"loc":{"start":{"line":18,"column":2},"end":{"line":18,"column":null}},"type":"if","locations":[{"start":{"line":18,"column":2},"end":{"line":18,"column":null}},{"start":{},"end":{}}],"line":18},"7":{"loc":{"start":{"line":21,"column":15},"end":{"line":21,"column":null}},"type":"cond-expr","locations":[{"start":{"line":21,"column":20},"end":{"line":21,"column":39}},{"start":{"line":21,"column":39},"end":{"line":21,"column":null}}],"line":21}},"s":{"0":3,"1":3,"2":1,"3":3,"4":0,"5":3,"6":1,"7":3,"8":1,"9":3,"10":1,"11":3,"12":1,"13":3,"14":3,"15":3,"16":2},"f":{"0":3,"1":2},"b":{"0":[3],"1":[1,2],"2":[0,3],"3":[1,2],"4":[1,2],"5":[1,2],"6":[1,2],"7":[2,1]},"meta":{"lastBranch":8,"lastFunction":2,"lastStatement":17,"seen":{"f:10:16:10:21":0,"b:10:48:10:88":0,"s:11:16:11:Infinity":0,"b:13:2:13:Infinity:undefined:undefined:undefined:undefined":1,"s:13:2:13:Infinity":1,"s:13:33:13:Infinity":2,"b:14:2:14:Infinity:undefined:undefined:undefined:undefined":2,"s:14:2:14:Infinity":3,"s:14:37:14:Infinity":4,"b:15:2:15:Infinity:undefined:undefined:undefined:undefined":3,"s:15:2:15:Infinity":5,"s:15:21:15:Infinity":6,"b:16:2:16:Infinity:undefined:undefined:undefined:undefined":4,"s:16:2:16:Infinity":7,"s:16:21:16:Infinity":8,"b:17:2:17:Infinity:undefined:undefined:undefined:undefined":5,"s:17:2:17:Infinity":9,"s:17:23:17:Infinity":10,"b:18:2:18:Infinity:undefined:undefined:undefined:undefined":6,"s:18:2:18:Infinity":11,"s:18:23:18:Infinity":12,"s:20:13:20:Infinity":13,"s:21:15:21:Infinity":14,"b:21:20:21:39:21:39:21:Infinity":7,"s:23:2:23:Infinity":15,"f:26:16:26:24":1,"s:27:2:27:Infinity":16},"fnNames":{}}}
,"/workspaces/project-atlas/apps/web/src/api/types.ts": {"path":"/workspaces/project-atlas/apps/web/src/api/types.ts","statementMap":{},"fnMap":{},"branchMap":{},"s":{},"f":{},"b":{},"meta":{"lastBranch":0,"lastFunction":0,"lastStatement":0,"seen":{},"fnNames":{}}}
,"/workspaces/project-atlas/apps/web/src/api/uploads.ts": {"path":"/workspaces/project-atlas/apps/web/src/api/uploads.ts","statementMap":{"0":{"start":{"line":5,"column":15},"end":{"line":5,"column":null}},"1":{"start":{"line":6,"column":2},"end":{"line":6,"column":null}},"2":{"start":{"line":7,"column":2},"end":{"line":7,"column":null}}},"fnMap":{"0":{"name":"create","decl":{"start":{"line":4,"column":16},"end":{"line":4,"column":23}},"loc":{"start":{"line":4,"column":66},"end":{"line":8,"column":null}},"line":4}},"branchMap":{},"s":{"0":2,"1":2,"2":2},"f":{"0":2},"b":{},"meta":{"lastBranch":0,"lastFunction":1,"lastStatement":3,"seen":{"f:4:16:4:23":0,"s:5:15:5:Infinity":0,"s:6:2:6:Infinity":1,"s:7:2:7:Infinity":2},"fnNames":{}}}
,"/workspaces/project-atlas/apps/web/src/stores/auth.ts": {"path":"/workspaces/project-atlas/apps/web/src/stores/auth.ts","statementMap":{"0":{"start":{"line":15,"column":28},"end":{"line":41,"column":null}},"1":{"start":{"line":16,"column":22},"end":{"line":16,"column":null}},"2":{"start":{"line":17,"column":23},"end":{"line":17,"column":null}},"3":{"start":{"line":19,"column":26},"end":{"line":19,"column":null}},"4":{"start":{"line":19,"column":41},"end":{"line":19,"column":67}},"5":{"start":{"line":22,"column":4},"end":{"line":22,"column":null}},"6":{"start":{"line":23,"column":4},"end":{"line":23,"column":null}},"7":{"start":{"line":27,"column":4},"end":{"line":27,"column":null}},"8":{"start":{"line":28,"column":4},"end":{"line":28,"column":null}},"9":{"start":{"line":32,"column":2},"end":{"line":32,"column":null}},"10":{"start":{"line":32,"column":25},"end":{"line":32,"column":42}},"11":{"start":{"line":34,"column":2},"end":{"line":40,"column":null}}},"fnMap":{"0":{"name":"(anonymous_0)","decl":{"start":{"line":15,"column":40},"end":{"line":15,"column":54}},"loc":{"start":{"line":15,"column":54},"end":{"line":41,"column":1}},"line":15},"1":{"name":"(anonymous_1)","decl":{"start":{"line":19,"column":26},"end":{"line":19,"column":41}},"loc":{"start":{"line":19,"column":41},"end":{"line":19,"column":67}},"line":19},"2":{"name":"setTokens","decl":{"start":{"line":21,"column":11},"end":{"line":21,"column":21}},"loc":{"start":{"line":21,"column":60},"end":{"line":24,"column":null}},"line":21},"3":{"name":"clearAuth","decl":{"start":{"line":26,"column":11},"end":{"line":26,"column":29}},"loc":{"start":{"line":26,"column":29},"end":{"line":29,"column":null}},"line":26},"4":{"name":"(anonymous_4)","decl":{"start":{"line":32,"column":2},"end":{"line":32,"column":25}},"loc":{"start":{"line":32,"column":25},"end":{"line":32,"column":42}},"line":32}},"branchMap":{},"s":{"0":1,"1":4,"2":4,"3":4,"4":3,"5":3,"6":3,"7":1,"8":1,"9":4,"10":0,"11":4},"f":{"0":4,"1":3,"2":3,"3":1,"4":0},"b":{},"meta":{"lastBranch":0,"lastFunction":5,"lastStatement":12,"seen":{"s:15:28:41:Infinity":0,"f:15:40:15:54":0,"s:16:22:16:Infinity":1,"s:17:23:17:Infinity":2,"s:19:26:19:Infinity":3,"f:19:26:19:41":1,"s:19:41:19:67":4,"f:21:11:21:21":2,"s:22:4:22:Infinity":5,"s:23:4:23:Infinity":6,"f:26:11:26:29":3,"s:27:4:27:Infinity":7,"s:28:4:28:Infinity":8,"s:32:2:32:Infinity":9,"f:32:2:32:25":4,"s:32:25:32:42":10,"s:34:2:40:Infinity":11},"fnNames":{}}}
}
